<?xml version="1.0" encoding="UTF-8"?>
<!-- Generated by org.testng.reporters.JUnitReportReporter -->
<testsuite hostname="Users-MacBook-Pro.local" failures="0" tests="2" name="selen.one.framework.utils.WordPressTest" time="3.721" errors="0" timestamp="29 May 2018 23:03:07 GMT" skipped="0">
  <testcase classname="selen.one.framework.utils.WordPressTest" name="tc001_wordpress_test" time="2.711"/>
  <testcase classname="selen.one.framework.utils.WordPressTest" name="tc001_wordpress_test" time="1.010"/>
</testsuite> <!-- selen.one.framework.utils.WordPressTest -->
