<?xml version="1.0" encoding="UTF-8"?>
<!-- Generated by org.testng.reporters.JUnitReportReporter -->
<testsuite hostname="Users-MacBook-Pro.local" failures="0" tests="1" name="selen.one.framework.utils.ImgurTest" time="13.218" errors="0" timestamp="30 May 2018 06:10:16 GMT" skipped="0">
  <testcase classname="selen.one.framework.utils.ImgurTest" name="tc001_imgur_test" time="13.218"/>
</testsuite> <!-- selen.one.framework.utils.ImgurTest -->
