<?xml version="1.0" encoding="UTF-8"?>
<!-- Generated by org.testng.reporters.JUnitReportReporter -->
<testsuite hostname="Users-MacBook-Pro.local" failures="0" tests="2" name="selen.one.framework.utils.ImgurTest" time="29.058" errors="0" timestamp="30 May 2018 15:01:57 GMT" skipped="0">
  <testcase classname="selen.one.framework.utils.ImgurTest" name="tc001_imgur_test" time="13.585"/>
  <testcase classname="selen.one.framework.utils.ImgurTest" name="tc001_imgur_test" time="15.473"/>
</testsuite> <!-- selen.one.framework.utils.ImgurTest -->
